#
# There is insufficient memory for the Java Runtime Environment to continue.
# Native memory allocation (mmap) failed to map 68157440 bytes for Failed to commit area from 0x000000008be00000 to 0x000000008ff00000 of length 68157440.
# Possible reasons:
#   The system is out of physical RAM or swap space
#   The process is running with CompressedOops enabled, and the Java Heap may be blocking the growth of the native heap
# Possible solutions:
#   Reduce memory load on the system
#   Increase physical memory or swap space
#   Check if swap backing store is full
#   Decrease Java heap size (-Xmx/-Xms)
#   Decrease number of Java threads
#   Decrease Java thread stack sizes (-Xss)
#   Set larger code cache with -XX:ReservedCodeCacheSize=
#   JVM is running with Unscaled Compressed Oops mode in which the Java heap is
#     placed in the first 4GB address space. The Java Heap base address is the
#     maximum limit for the native heap growth. Please use -XX:HeapBaseMinAddress
#     to set the Java Heap base and to place the Java Heap above 4GB virtual address.
# This output file may be truncated or incomplete.
#
#  Out of Memory Error (./src/hotspot/os/windows/os_windows.cpp:3301), pid=12468, tid=9612
#
# JRE version: OpenJDK Runtime Environment (11.0.10) (build 11.0.10+0-b96-7249189)
# Java VM: OpenJDK 64-Bit Server VM (11.0.10+0-b96-7249189, mixed mode, tiered, compressed oops, g1 gc, windows-amd64)
# No core dump will be written. Minidumps are not enabled by default on client versions of Windows
#

---------------  S U M M A R Y ------------

Command Line: --add-opens=java.base/java.util=ALL-UNNAMED --add-opens=java.base/java.lang=ALL-UNNAMED --add-opens=java.base/java.lang.invoke=ALL-UNNAMED --add-opens=java.base/java.util=ALL-UNNAMED --add-opens=java.prefs/java.util.prefs=ALL-UNNAMED --add-opens=java.prefs/java.util.prefs=ALL-UNNAMED --add-opens=java.base/java.nio.charset=ALL-UNNAMED --add-opens=java.base/java.net=ALL-UNNAMED --add-opens=java.base/java.util.concurrent.atomic=ALL-UNNAMED -Xmx2048m -Dfile.encoding=UTF-8 -Duser.country=US -Duser.language=en -Duser.variant org.gradle.launcher.daemon.bootstrap.GradleDaemon 7.0.2

Host: Intel(R) Core(TM) i5-10210U CPU @ 1.60GHz, 8 cores, 11G,  Windows 10 , 64 bit Build 19041 (10.0.19041.1348)
Time: Sun Dec 19 22:30:35 2021 Bangladesh Standard Time elapsed time: 4486.465771 seconds (0d 1h 14m 46s)

---------------  T H R E A D  ---------------

Current thread (0x000001b1fb3fb000):  VMThread "VM Thread" [stack: 0x000000890ab00000,0x000000890ac00000] [id=9612]

Stack: [0x000000890ab00000,0x000000890ac00000]
[error occurred during error reporting (printing stack bounds), id 0xc0000005, EXCEPTION_ACCESS_VIOLATION (0xc0000005) at pc=0x000001b1e42b0f2d]

Native frames: (J=compiled Java code, j=interpreted, Vv=VM code, C=native code)
V  [jvm.dll+0x5ecfaa]
V  [jvm.dll+0x722bd5]
V  [jvm.dll+0x72412d]
V  [jvm.dll+0x724745]
V  [jvm.dll+0x7246fb]
V  [jvm.dll+0x5ec348]
V  [jvm.dll+0x5ecad8]
C  [ntdll.dll+0xa20cf]
C  [ntdll.dll+0x51454]
C  [ntdll.dll+0xa0bfe]
C  0x000001b1e42b0f2d

VM_Operation (0x000000890d9fa250): G1CollectForAllocation, mode: safepoint, requested by thread 0x000001b183811800


---------------  P R O C E S S  ---------------

Threads class SMR info:
_java_thread_list=0x000001b184ef9e20, length=63, elements={
0x000001b1defcf000, 0x000001b1fb415000, 0x000001b1fb41b800, 0x000001b1fb40d800,
0x000001b1fbc84800, 0x000001b1fbc87800, 0x000001b1fbc8b800, 0x000001b1fbc94000,
0x000001b1fbc9f000, 0x000001b1fbdf0800, 0x000001b1ff2d4800, 0x000001b1fca74000,
0x000001b1fdc62000, 0x000001b1fd582000, 0x000001b1fd581000, 0x000001b1fd583000,
0x000001b1fd587000, 0x000001b1fd584800, 0x000001b1fdf5e800, 0x000001b1fdf61000,
0x000001b1fdf5d800, 0x000001b1fdf5b000, 0x000001b1fdf68000, 0x000001b1ff833000,
0x000001b1ff831000, 0x000001b1ff832000, 0x000001b1ff82f800, 0x000001b1ff834800,
0x000001b1ff82f000, 0x000001b1fdf5f000, 0x000001b1fdf5c000, 0x000001b1838b7000,
0x000001b1838b7800, 0x000001b183809800, 0x000001b18380a800, 0x000001b183808000,
0x000001b18380b000, 0x000001b18380c000, 0x000001b18380c800, 0x000001b183807000,
0x000001b18380f000, 0x000001b183813000, 0x000001b183810000, 0x000001b18380d800,
0x000001b1fc154800, 0x000001b183811000, 0x000001b18380e800, 0x000001b183811800,
0x000001b183814000, 0x000001b183812800, 0x000001b183815000, 0x000001b1838bb000,
0x000001b1838bc000, 0x000001b1838bc800, 0x000001b1838bd800, 0x000001b1838bf000,
0x000001b1838be000, 0x000001b1838b9800, 0x000001b1838ba000, 0x000001b1838c1800,
0x000001b1838c3000, 0x000001b1838c5000, 0x000001b186fdc000
}

Java Threads: ( => current thread )
  0x000001b1defcf000 JavaThread "main" [_thread_blocked, id=11540, stack(0x000000890a500000,0x000000890a600000)]
  0x000001b1fb415000 JavaThread "Reference Handler" daemon [_thread_blocked, id=12236, stack(0x000000890ac00000,0x000000890ad00000)]
  0x000001b1fb41b800 JavaThread "Finalizer" daemon [_thread_blocked, id=3612, stack(0x000000890ad00000,0x000000890ae00000)]
  0x000001b1fb40d800 JavaThread "Signal Dispatcher" daemon [_thread_blocked, id=12832, stack(0x000000890ae00000,0x000000890af00000)]
  0x000001b1fbc84800 JavaThread "Attach Listener" daemon [_thread_blocked, id=6740, stack(0x000000890af00000,0x000000890b000000)]
  0x000001b1fbc87800 JavaThread "Service Thread" daemon [_thread_blocked, id=13432, stack(0x000000890b000000,0x000000890b100000)]
  0x000001b1fbc8b800 JavaThread "C2 CompilerThread0" daemon [_thread_in_native, id=9628, stack(0x000000890b100000,0x000000890b200000)]
  0x000001b1fbc94000 JavaThread "C1 CompilerThread0" daemon [_thread_blocked, id=9088, stack(0x000000890b200000,0x000000890b300000)]
  0x000001b1fbc9f000 JavaThread "Sweeper thread" daemon [_thread_blocked, id=13532, stack(0x000000890b300000,0x000000890b400000)]
  0x000001b1fbdf0800 JavaThread "Common-Cleaner" daemon [_thread_blocked, id=10036, stack(0x000000890b400000,0x000000890b500000)]
  0x000001b1ff2d4800 JavaThread "Daemon health stats" [_thread_blocked, id=8380, stack(0x000000890bb00000,0x000000890bc00000)]
  0x000001b1fca74000 JavaThread "Incoming local TCP Connector on port 5049" [_thread_in_native, id=6692, stack(0x000000890b900000,0x000000890ba00000)]
  0x000001b1fdc62000 JavaThread "Daemon periodic checks" [_thread_blocked, id=2816, stack(0x000000890ba00000,0x000000890bb00000)]
  0x000001b1fd582000 JavaThread "Cache worker for file hash cache (D:\gradle-1.12\caches\7.0.2\fileHashes)" [_thread_blocked, id=10768, stack(0x000000890c400000,0x000000890c500000)]
  0x000001b1fd581000 JavaThread "File lock request listener" [_thread_in_native, id=5344, stack(0x000000890c500000,0x000000890c600000)]
  0x000001b1fd583000 JavaThread "Cache worker for journal cache (D:\gradle-1.12\caches\journal-1)" [_thread_blocked, id=11120, stack(0x000000890cb00000,0x000000890cc00000)]
  0x000001b1fd587000 JavaThread "File watcher server" daemon [_thread_blocked, id=6684, stack(0x000000890cd00000,0x000000890ce00000)]
  0x000001b1fd584800 JavaThread "File watcher consumer" daemon [_thread_blocked, id=9484, stack(0x000000890ce00000,0x000000890cf00000)]
  0x000001b1fdf5e800 JavaThread "Cache worker for execution history cache (D:\gradle-1.12\caches\7.0.2\executionHistory)" [_thread_blocked, id=11192, stack(0x000000890d200000,0x000000890d300000)]
  0x000001b1fdf61000 JavaThread "jar transforms" [_thread_blocked, id=9544, stack(0x000000890d400000,0x000000890d500000)]
  0x000001b1fdf5d800 JavaThread "jar transforms Thread 2" [_thread_blocked, id=12592, stack(0x000000890d500000,0x000000890d600000)]
  0x000001b1fdf5b000 JavaThread "Cache worker for file content cache (D:\gradle-1.12\caches\7.0.2\fileContent)" [_thread_blocked, id=2116, stack(0x000000890d600000,0x000000890d700000)]
  0x000001b1fdf68000 JavaThread "jar transforms Thread 3" [_thread_blocked, id=9776, stack(0x000000890d800000,0x000000890d900000)]
  0x000001b1ff833000 JavaThread "jar transforms Thread 4" [_thread_blocked, id=11508, stack(0x000000890e000000,0x000000890e100000)]
  0x000001b1ff831000 JavaThread "jar transforms Thread 5" [_thread_blocked, id=7136, stack(0x000000890e100000,0x000000890e200000)]
  0x000001b1ff832000 JavaThread "jar transforms Thread 6" [_thread_blocked, id=2996, stack(0x000000890e200000,0x000000890e300000)]
  0x000001b1ff82f800 JavaThread "jar transforms Thread 7" [_thread_blocked, id=2576, stack(0x000000890e300000,0x000000890e400000)]
  0x000001b1ff834800 JavaThread "jar transforms Thread 8" [_thread_blocked, id=11832, stack(0x000000890e400000,0x000000890e500000)]
  0x000001b1ff82f000 JavaThread "Memory manager" [_thread_blocked, id=11680, stack(0x000000890e800000,0x000000890e900000)]
  0x000001b1fdf5f000 JavaThread "Cache worker for Java compile cache (D:\gradle-1.12\caches\7.0.2\javaCompile)" [_thread_blocked, id=12328, stack(0x000000890ef00000,0x000000890f000000)]
  0x000001b1fdf5c000 JavaThread "ForkJoinPool.commonPool-worker-9" daemon [_thread_blocked, id=5452, stack(0x000000890fe00000,0x000000890ff00000)]
  0x000001b1838b7000 JavaThread "Daemon Thread 9" [_thread_blocked, id=12260, stack(0x000000890a200000,0x000000890a300000)]
  0x000001b1838b7800 JavaThread "Daemon worker Thread 9" [_thread_blocked, id=7724, stack(0x000000890bc00000,0x000000890bd00000)]
  0x000001b183809800 JavaThread "Handler for socket connection from /127.0.0.1:5049 to /127.0.0.1:2267" [_thread_in_native, id=10332, stack(0x000000890a300000,0x000000890a400000)]
  0x000001b18380a800 JavaThread "Cancel handler" [_thread_blocked, id=4364, stack(0x000000890a400000,0x000000890a500000)]
  0x000001b183808000 JavaThread "Asynchronous log dispatcher for DefaultDaemonConnection: socket connection from /127.0.0.1:5049 to /127.0.0.1:2267" [_thread_blocked, id=12728, stack(0x000000890bd00000,0x000000890be00000)]
  0x000001b18380b000 JavaThread "Stdin handler" [_thread_blocked, id=8256, stack(0x000000890be00000,0x000000890bf00000)]
  0x000001b18380c000 JavaThread "Daemon client event forwarder" [_thread_blocked, id=12600, stack(0x000000890bf00000,0x000000890c000000)]
  0x000001b18380c800 JavaThread "Cache worker for file hash cache (E:\whatsappdemo\.gradle\7.0.2\fileHashes)" [_thread_blocked, id=1456, stack(0x000000890c000000,0x000000890c100000)]
  0x000001b183807000 JavaThread "Cache worker for checksums cache (E:\whatsappdemo\.gradle\checksums)" [_thread_blocked, id=13408, stack(0x000000890c100000,0x000000890c200000)]
  0x000001b18380f000 JavaThread "Cache worker for cache directory md-supplier (D:\gradle-1.12\caches\7.0.2\md-supplier)" [_thread_blocked, id=6076, stack(0x000000890c200000,0x000000890c300000)]
  0x000001b183813000 JavaThread "Cache worker for cache directory md-rule (D:\gradle-1.12\caches\7.0.2\md-rule)" [_thread_blocked, id=7388, stack(0x000000890c300000,0x000000890c400000)]
  0x000001b183810000 JavaThread "Cache worker for dependencies-accessors (E:\whatsappdemo\.gradle\7.0.2\dependencies-accessors)" [_thread_blocked, id=9056, stack(0x000000890cc00000,0x000000890cd00000)]
  0x000001b18380d800 JavaThread "Cache worker for Build Output Cleanup Cache (E:\whatsappdemo\.gradle\buildOutputCleanup)" [_thread_blocked, id=14040, stack(0x000000890cf00000,0x000000890d000000)]
  0x000001b1fc154800 JavaThread "C2 CompilerThread1" daemon [_thread_in_native, id=11720, stack(0x000000890d000000,0x000000890d100000)]
  0x000001b183811000 JavaThread "Build operations" [_thread_blocked, id=2128, stack(0x000000890d300000,0x000000890d400000)]
  0x000001b18380e800 JavaThread "Build operations Thread 2" [_thread_blocked, id=7676, stack(0x000000890d700000,0x000000890d800000)]
  0x000001b183811800 JavaThread "Build operations Thread 3" [_thread_blocked, id=10716, stack(0x000000890d900000,0x000000890da00000)]
  0x000001b183814000 JavaThread "Build operations Thread 4" [_thread_blocked, id=8784, stack(0x000000890da00000,0x000000890db00000)]
  0x000001b183812800 JavaThread "Build operations Thread 5" [_thread_blocked, id=13040, stack(0x000000890db00000,0x000000890dc00000)]
  0x000001b183815000 JavaThread "Build operations Thread 6" [_thread_blocked, id=11952, stack(0x000000890dc00000,0x000000890dd00000)]
  0x000001b1838bb000 JavaThread "Build operations Thread 7" [_thread_blocked, id=8540, stack(0x000000890dd00000,0x000000890de00000)]
  0x000001b1838bc000 JavaThread "Build operations Thread 8" [_thread_blocked, id=12088, stack(0x000000890de00000,0x000000890df00000)]
  0x000001b1838bc800 JavaThread "build event listener" [_thread_blocked, id=5260, stack(0x000000890df00000,0x000000890e000000)]
  0x000001b1838bd800 JavaThread "Execution worker for ':'" [_thread_blocked, id=13752, stack(0x000000890e500000,0x000000890e600000)]
  0x000001b1838bf000 JavaThread "Execution worker for ':' Thread 2" [_thread_blocked, id=11304, stack(0x000000890e700000,0x000000890e800000)]
  0x000001b1838be000 JavaThread "Execution worker for ':' Thread 3" [_thread_blocked, id=3000, stack(0x000000890e900000,0x000000890ea00000)]
  0x000001b1838b9800 JavaThread "Execution worker for ':' Thread 4" [_thread_blocked, id=88, stack(0x000000890ea00000,0x000000890eb00000)]
  0x000001b1838ba000 JavaThread "Execution worker for ':' Thread 5" [_thread_blocked, id=6860, stack(0x000000890eb00000,0x000000890ec00000)]
  0x000001b1838c1800 JavaThread "Execution worker for ':' Thread 6" [_thread_blocked, id=7440, stack(0x000000890ec00000,0x000000890ed00000)]
  0x000001b1838c3000 JavaThread "Execution worker for ':' Thread 7" [_thread_blocked, id=6108, stack(0x000000890ed00000,0x000000890ee00000)]
  0x000001b1838c5000 JavaThread "Cache worker for execution history cache (E:\whatsappdemo\.gradle\7.0.2\executionHistory)" [_thread_blocked, id=12788, stack(0x000000890ee00000,0x000000890ef00000)]
  0x000001b186fdc000 JavaThread "C2 CompilerThread2" daemon [_thread_blocked, id=7604, stack(0x000000890d100000,0x000000890d200000)]

Other Threads:
=>0x000001b1fb3fb000 VMThread "VM Thread" [stack: 0x000000890ab00000,0x000000890ac00000] [id=9612]
  0x000001b1fbe34800 WatcherThread [stack: 0x000000890b500000,0x000000890b600000] [id=6672]
  0x000001b1defe5000 GCTaskThread "GC Thread#0" [stack: 0x000000890a600000,0x000000890a700000] [id=8184]
  0x000001b1fc6d9800 GCTaskThread "GC Thread#1" [stack: 0x000000890b600000,0x000000890b700000] [id=7564]
  0x000001b1fcd17000 GCTaskThread "GC Thread#2" [stack: 0x000000890b700000,0x000000890b800000] [id=12712]
  0x000001b1fcb56000 GCTaskThread "GC Thread#3" [stack: 0x000000890b800000,0x000000890b900000] [id=924]
  0x000001b1fdfa8000 GCTaskThread "GC Thread#4" [stack: 0x000000890c600000,0x000000890c700000] [id=6248]
  0x000001b1fe847800 GCTaskThread "GC Thread#5" [stack: 0x000000890c700000,0x000000890c800000] [id=3572]
  0x000001b1fccb0000 GCTaskThread "GC Thread#6" [stack: 0x000000890c800000,0x000000890c900000] [id=9444]
  0x000001b1fed38800 GCTaskThread "GC Thread#7" [stack: 0x000000890c900000,0x000000890ca00000] [id=9676]
  0x000001b1df016000 ConcurrentGCThread "G1 Main Marker" [stack: 0x000000890a700000,0x000000890a800000] [id=4836]
  0x000001b1df017800 ConcurrentGCThread "G1 Conc#0" [stack: 0x000000890a800000,0x000000890a900000] [id=3944]
  0x000001b1fc6ee800 ConcurrentGCThread "G1 Conc#1" [stack: 0x000000890ca00000,0x000000890cb00000] [id=8848]
  0x000001b1fb26e800 ConcurrentGCThread "G1 Refine#0" [stack: 0x000000890a900000,0x000000890aa00000] [id=4056]
  0x000001b1fc792800 ConcurrentGCThread "G1 Refine#1" [stack: 0x000000890e600000,0x000000890e700000] [id=9624]
  0x000001b1df09e000 ConcurrentGCThread "G1 Young RemSet Sampling" [stack: 0x000000890aa00000,0x000000890ab00000] [id=4492]

Threads with active compile tasks:
C2 CompilerThread04486494 23389       4       com.android.tools.r8.graph.B0$d::c (797 bytes)
C1 CompilerThread04486494 23685       2       com.android.tools.r8.graph.H::a (198 bytes)
C2 CompilerThread14486494 23352 %     4       com.android.tools.r8.internal.U6::a @ 2246 (6044 bytes)
C2 CompilerThread24486494 23560       4       com.android.tools.r8.internal.Ne::G (324 bytes)

VM state:at safepoint (normal execution)

VM Mutex/Monitor currently owned by a thread:  ([mutex/lock_event])
[0x000001b1defcb720] Threads_lock - owner thread: 0x000001b1fb3fb000
[0x000001b1defcb330] Heap_lock - owner thread: 0x000001b183811800

Heap address: 0x0000000080000000, size: 2048 MB, Compressed Oops mode: 32-bit
Narrow klass base: 0x0000000000000000, Narrow klass shift: 3
Compressed class space size: 1073741824 Address: 0x0000000100000000

Heap:
 garbage-first heap   total 261120K, used 139153K [0x0000000080000000, 0x0000000100000000)
  region size 1024K, 3 young (3072K), 3 survivors (3072K)
 Metaspace       used 116210K, capacity 119703K, committed 120012K, reserved 1153024K
  class space    used 14624K, capacity 15952K, committed 16076K, reserved 1048576K
Heap Regions: E=young(eden), S=young(survivor), O=old, HS=humongous(starts), HC=humongous(continues), CS=collection set, F=free, A=archive, TAMS=top-at-mark-start (previous, next)
|   0|0x0000000080000000, 0x0000000080100000, 0x0000000080100000|100%| O|  |TAMS 0x0000000080100000, 0x0000000080000000| Untracked 
|   1|0x0000000080100000, 0x0000000080200000, 0x0000000080200000|100%| O|  |TAMS 0x0000000080200000, 0x0000000080100000| Untracked 
|   2|0x0000000080200000, 0x0000000080300000, 0x0000000080300000|100%| O|  |TAMS 0x0000000080300000, 0x0000000080200000| Untracked 
|   3|0x0000000080300000, 0x0000000080400000, 0x0000000080400000|100%|HS|  |TAMS 0x0000000080400000, 0x0000000080300000| Complete 
|   4|0x0000000080400000, 0x0000000080500000, 0x0000000080500000|100%|HC|  |TAMS 0x0000000080500000, 0x0000000080400000| Complete 
|   5|0x0000000080500000, 0x0000000080600000, 0x0000000080600000|100%|HC|  |TAMS 0x0000000080600000, 0x0000000080500000| Complete 
|   6|0x0000000080600000, 0x0000000080700000, 0x0000000080700000|100%| O|  |TAMS 0x0000000080700000, 0x0000000080600000| Untracked 
|   7|0x0000000080700000, 0x0000000080800000, 0x0000000080800000|100%| O|  |TAMS 0x0000000080800000, 0x0000000080700000| Untracked 
|   8|0x0000000080800000, 0x0000000080900000, 0x0000000080900000|100%| O|  |TAMS 0x0000000080900000, 0x0000000080800000| Untracked 
|   9|0x0000000080900000, 0x0000000080a00000, 0x0000000080a00000|100%| O|  |TAMS 0x0000000080a00000, 0x0000000080900000| Untracked 
|  10|0x0000000080a00000, 0x0000000080b00000, 0x0000000080b00000|100%| O|  |TAMS 0x0000000080b00000, 0x0000000080a00000| Untracked 
|  11|0x0000000080b00000, 0x0000000080c00000, 0x0000000080c00000|100%| O|  |TAMS 0x0000000080c00000, 0x0000000080b00000| Untracked 
|  12|0x0000000080c00000, 0x0000000080d00000, 0x0000000080d00000|100%| O|  |TAMS 0x0000000080d00000, 0x0000000080c00000| Complete 
|  13|0x0000000080d00000, 0x0000000080e00000, 0x0000000080e00000|100%| O|  |TAMS 0x0000000080e00000, 0x0000000080d00000| Complete 
|  14|0x0000000080e00000, 0x0000000080f00000, 0x0000000080f00000|100%| O|  |TAMS 0x0000000080f00000, 0x0000000080e00000| Untracked 
|  15|0x0000000080f00000, 0x0000000081000000, 0x0000000081000000|100%| O|  |TAMS 0x0000000081000000, 0x0000000080f00000| Complete 
|  16|0x0000000081000000, 0x0000000081100000, 0x0000000081100000|100%| O|  |TAMS 0x0000000081100000, 0x0000000081000000| Complete 
|  17|0x0000000081100000, 0x0000000081200000, 0x0000000081200000|100%|HS|  |TAMS 0x0000000081200000, 0x0000000081100000| Complete 
|  18|0x0000000081200000, 0x0000000081300000, 0x0000000081300000|100%|HS|  |TAMS 0x0000000081300000, 0x0000000081200000| Complete 
|  19|0x0000000081300000, 0x0000000081400000, 0x0000000081400000|100%|HS|  |TAMS 0x0000000081400000, 0x0000000081300000| Complete 
|  20|0x0000000081400000, 0x0000000081500000, 0x0000000081500000|100%|HC|  |TAMS 0x0000000081500000, 0x0000000081400000| Complete 
|  21|0x0000000081500000, 0x0000000081600000, 0x0000000081600000|100%| O|  |TAMS 0x0000000081600000, 0x0000000081500000| Complete 
|  22|0x0000000081600000, 0x0000000081700000, 0x0000000081700000|100%| O|  |TAMS 0x0000000081700000, 0x0000000081600000| Complete 
|  23|0x0000000081700000, 0x0000000081800000, 0x0000000081800000|100%| O|  |TAMS 0x0000000081800000, 0x0000000081700000| Complete 
|  24|0x0000000081800000, 0x0000000081900000, 0x0000000081900000|100%| O|  |TAMS 0x0000000081900000, 0x0000000081800000| Complete 
|  25|0x0000000081900000, 0x0000000081a00000, 0x0000000081a00000|100%| O|  |TAMS 0x0000000081a00000, 0x0000000081900000| Untracked 
|  26|0x0000000081a00000, 0x0000000081b00000, 0x0000000081b00000|100%| O|  |TAMS 0x0000000081b00000, 0x0000000081a00000| Untracked 
|  27|0x0000000081b00000, 0x0000000081c00000, 0x0000000081c00000|100%| O|  |TAMS 0x0000000081c00000, 0x0000000081b00000| Untracked 
|  28|0x0000000081c00000, 0x0000000081d00000, 0x0000000081d00000|100%| O|  |TAMS 0x0000000081d00000, 0x0000000081c00000| Untracked 
|  29|0x0000000081d00000, 0x0000000081e00000, 0x0000000081e00000|100%| O|  |TAMS 0x0000000081e00000, 0x0000000081d00000| Complete 
|  30|0x0000000081e00000, 0x0000000081f00000, 0x0000000081f00000|100%| O|  |TAMS 0x0000000081f00000, 0x0000000081e00000| Untracked 
|  31|0x0000000081f00000, 0x0000000082000000, 0x0000000082000000|100%| O|  |TAMS 0x0000000082000000, 0x0000000081f00000| Untracked 
|  32|0x0000000082000000, 0x0000000082100000, 0x0000000082100000|100%| O|  |TAMS 0x0000000082100000, 0x0000000082000000| Untracked 
|  33|0x0000000082100000, 0x0000000082200000, 0x0000000082200000|100%| O|  |TAMS 0x0000000082200000, 0x0000000082100000| Complete 
|  34|0x0000000082200000, 0x0000000082300000, 0x0000000082300000|100%| O|  |TAMS 0x0000000082300000, 0x0000000082200000| Complete 
|  35|0x0000000082300000, 0x0000000082400000, 0x0000000082400000|100%| O|  |TAMS 0x0000000082400000, 0x0000000082300000| Untracked 
|  36|0x0000000082400000, 0x0000000082500000, 0x0000000082500000|100%| O|  |TAMS 0x0000000082500000, 0x0000000082400000| Complete 
|  37|0x0000000082500000, 0x0000000082600000, 0x0000000082600000|100%| O|  |TAMS 0x0000000082600000, 0x0000000082500000| Untracked 
|  38|0x0000000082600000, 0x0000000082700000, 0x0000000082700000|100%| O|  |TAMS 0x0000000082700000, 0x0000000082600000| Untracked 
|  39|0x0000000082700000, 0x0000000082800000, 0x0000000082800000|100%| O|  |TAMS 0x0000000082800000, 0x0000000082700000| Untracked 
|  40|0x0000000082800000, 0x0000000082900000, 0x0000000082900000|100%| O|  |TAMS 0x0000000082900000, 0x0000000082800000| Complete 
|  41|0x0000000082900000, 0x0000000082a00000, 0x0000000082a00000|100%| O|  |TAMS 0x0000000082a00000, 0x0000000082900000| Complete 
|  42|0x0000000082a00000, 0x0000000082b00000, 0x0000000082b00000|100%| O|  |TAMS 0x0000000082b00000, 0x0000000082a00000| Complete 
|  43|0x0000000082b00000, 0x0000000082c00000, 0x0000000082c00000|100%| O|  |TAMS 0x0000000082c00000, 0x0000000082b00000| Untracked 
|  44|0x0000000082c00000, 0x0000000082d00000, 0x0000000082d00000|100%| O|  |TAMS 0x0000000082d00000, 0x0000000082c00000| Untracked 
|  45|0x0000000082d00000, 0x0000000082e00000, 0x0000000082e00000|100%| O|  |TAMS 0x0000000082e00000, 0x0000000082d00000| Untracked 
|  46|0x0000000082e00000, 0x0000000082f00000, 0x0000000082f00000|100%| O|  |TAMS 0x0000000082f00000, 0x0000000082e00000| Untracked 
|  47|0x0000000082f00000, 0x0000000083000000, 0x0000000083000000|100%| O|  |TAMS 0x0000000083000000, 0x0000000082f00000| Untracked 
|  48|0x0000000083000000, 0x0000000083100000, 0x0000000083100000|100%| O|  |TAMS 0x0000000083100000, 0x0000000083000000| Complete 
|  49|0x0000000083100000, 0x0000000083200000, 0x0000000083200000|100%| O|  |TAMS 0x0000000083200000, 0x0000000083100000| Untracked 
|  50|0x0000000083200000, 0x0000000083300000, 0x0000000083300000|100%| O|  |TAMS 0x0000000083300000, 0x0000000083200000| Complete 
|  51|0x0000000083300000, 0x0000000083400000, 0x0000000083400000|100%| O|  |TAMS 0x0000000083400000, 0x0000000083300000| Complete 
|  52|0x0000000083400000, 0x0000000083500000, 0x0000000083500000|100%| O|  |TAMS 0x0000000083500000, 0x0000000083400000| Untracked 
|  53|0x0000000083500000, 0x0000000083600000, 0x0000000083600000|100%| O|  |TAMS 0x0000000083600000, 0x0000000083500000| Untracked 
|  54|0x0000000083600000, 0x0000000083700000, 0x0000000083700000|100%| O|  |TAMS 0x0000000083700000, 0x0000000083600000| Untracked 
|  55|0x0000000083700000, 0x0000000083800000, 0x0000000083800000|100%| O|  |TAMS 0x0000000083800000, 0x0000000083700000| Untracked 
|  56|0x0000000083800000, 0x0000000083900000, 0x0000000083900000|100%| O|  |TAMS 0x0000000083900000, 0x0000000083800000| Complete 
|  57|0x0000000083900000, 0x0000000083a00000, 0x0000000083a00000|100%| O|  |TAMS 0x0000000083a00000, 0x0000000083900000| Untracked 
|  58|0x0000000083a00000, 0x0000000083b00000, 0x0000000083b00000|100%| O|  |TAMS 0x0000000083b00000, 0x0000000083a00000| Untracked 
|  59|0x0000000083b00000, 0x0000000083c00000, 0x0000000083c00000|100%| O|  |TAMS 0x0000000083c00000, 0x0000000083b00000| Untracked 
|  60|0x0000000083c00000, 0x0000000083d00000, 0x0000000083d00000|100%| O|  |TAMS 0x0000000083d00000, 0x0000000083c00000| Complete 
|  61|0x0000000083d00000, 0x0000000083e00000, 0x0000000083e00000|100%| O|  |TAMS 0x0000000083e00000, 0x0000000083d00000| Untracked 
|  62|0x0000000083e00000, 0x0000000083f00000, 0x0000000083f00000|100%| O|  |TAMS 0x0000000083f00000, 0x0000000083e00000| Untracked 
|  63|0x0000000083f00000, 0x0000000084000000, 0x0000000084000000|100%| O|  |TAMS 0x0000000084000000, 0x0000000083f00000| Untracked 
|  64|0x0000000084000000, 0x0000000084100000, 0x0000000084100000|100%| O|  |TAMS 0x0000000084100000, 0x0000000084000000| Complete 
|  65|0x0000000084100000, 0x0000000084200000, 0x0000000084200000|100%| O|  |TAMS 0x0000000084200000, 0x0000000084100000| Complete 
|  66|0x0000000084200000, 0x0000000084300000, 0x0000000084300000|100%| O|  |TAMS 0x0000000084300000, 0x0000000084200000| Complete 
|  67|0x0000000084300000, 0x0000000084400000, 0x0000000084400000|100%| O|  |TAMS 0x0000000084400000, 0x0000000084300000| Untracked 
|  68|0x0000000084400000, 0x0000000084500000, 0x0000000084500000|100%| O|  |TAMS 0x0000000084500000, 0x0000000084400000| Untracked 
|  69|0x0000000084500000, 0x0000000084600000, 0x0000000084600000|100%| O|  |TAMS 0x0000000084600000, 0x0000000084500000| Complete 
|  70|0x0000000084600000, 0x0000000084700000, 0x0000000084700000|100%| O|  |TAMS 0x0000000084700000, 0x0000000084600000| Complete 
|  71|0x0000000084700000, 0x0000000084800000, 0x0000000084800000|100%| O|  |TAMS 0x0000000084800000, 0x0000000084700000| Complete 
|  72|0x0000000084800000, 0x0000000084900000, 0x0000000084900000|100%| O|  |TAMS 0x0000000084900000, 0x0000000084800000| Untracked 
|  73|0x0000000084900000, 0x0000000084a00000, 0x0000000084a00000|100%| O|  |TAMS 0x0000000084a00000, 0x0000000084900000| Untracked 
|  74|0x0000000084a00000, 0x0000000084b00000, 0x0000000084b00000|100%| O|  |TAMS 0x0000000084b00000, 0x0000000084a00000| Complete 
|  75|0x0000000084b00000, 0x0000000084c00000, 0x0000000084c00000|100%| O|  |TAMS 0x0000000084c00000, 0x0000000084b00000| Complete 
|  76|0x0000000084c00000, 0x0000000084d00000, 0x0000000084d00000|100%| O|  |TAMS 0x0000000084d00000, 0x0000000084c00000| Untracked 
|  77|0x0000000084d00000, 0x0000000084e00000, 0x0000000084e00000|100%| O|  |TAMS 0x0000000084e00000, 0x0000000084d00000| Untracked 
|  78|0x0000000084e00000, 0x0000000084f00000, 0x0000000084f00000|100%| O|  |TAMS 0x0000000084f00000, 0x0000000084e00000| Untracked 
|  79|0x0000000084f00000, 0x0000000085000000, 0x0000000085000000|100%| O|  |TAMS 0x0000000085000000, 0x0000000084f00000| Untracked 
|  80|0x0000000085000000, 0x0000000085100000, 0x0000000085100000|100%| O|  |TAMS 0x0000000085100000, 0x0000000085000000| Complete 
|  81|0x0000000085100000, 0x0000000085200000, 0x0000000085200000|100%| O|  |TAMS 0x0000000085200000, 0x0000000085100000| Untracked 
|  82|0x0000000085200000, 0x0000000085300000, 0x0000000085300000|100%|HS|  |TAMS 0x0000000085300000, 0x0000000085200000| Complete 
|  83|0x0000000085300000, 0x0000000085400000, 0x0000000085400000|100%|HC|  |TAMS 0x0000000085400000, 0x0000000085300000| Complete 
|  84|0x0000000085400000, 0x0000000085500000, 0x0000000085500000|100%| O|  |TAMS 0x0000000085500000, 0x0000000085400000| Untracked 
|  85|0x0000000085500000, 0x0000000085600000, 0x0000000085600000|100%| O|  |TAMS 0x0000000085600000, 0x0000000085500000| Untracked 
|  86|0x0000000085600000, 0x0000000085700000, 0x0000000085700000|100%| O|  |TAMS 0x0000000085700000, 0x0000000085600000| Untracked 
|  87|0x0000000085700000, 0x0000000085800000, 0x0000000085800000|100%| O|  |TAMS 0x0000000085800000, 0x0000000085700000| Untracked 
|  88|0x0000000085800000, 0x0000000085900000, 0x0000000085900000|100%| O|  |TAMS 0x0000000085900000, 0x0000000085800000| Complete 
|  89|0x0000000085900000, 0x0000000085a00000, 0x0000000085a00000|100%| O|  |TAMS 0x0000000085a00000, 0x0000000085900000| Complete 
|  90|0x0000000085a00000, 0x0000000085b00000, 0x0000000085b00000|100%| O|  |TAMS 0x0000000085b00000, 0x0000000085a00000| Complete 
|  91|0x0000000085b00000, 0x0000000085c00000, 0x0000000085c00000|100%| O|  |TAMS 0x0000000085c00000, 0x0000000085b00000| Complete 
|  92|0x0000000085c00000, 0x0000000085d00000, 0x0000000085d00000|100%| O|  |TAMS 0x0000000085d00000, 0x0000000085c00000| Complete 
|  93|0x0000000085d00000, 0x0000000085e00000, 0x0000000085e00000|100%| O|  |TAMS 0x0000000085e00000, 0x0000000085d00000| Complete 
|  94|0x0000000085e00000, 0x0000000085f00000, 0x0000000085f00000|100%| O|  |TAMS 0x0000000085f00000, 0x0000000085e00000| Untracked 
|  95|0x0000000085f00000, 0x0000000086000000, 0x0000000086000000|100%| O|  |TAMS 0x0000000086000000, 0x0000000085f00000| Untracked 
|  96|0x0000000086000000, 0x0000000086100000, 0x0000000086100000|100%| O|  |TAMS 0x0000000086100000, 0x0000000086000000| Untracked 
|  97|0x0000000086100000, 0x0000000086200000, 0x0000000086200000|100%| O|  |TAMS 0x0000000086200000, 0x0000000086100000| Untracked 
|  98|0x0000000086200000, 0x0000000086300000, 0x0000000086300000|100%| O|  |TAMS 0x0000000086300000, 0x0000000086200000| Complete 
|  99|0x0000000086300000, 0x0000000086400000, 0x0000000086400000|100%| O|  |TAMS 0x0000000086400000, 0x0000000086300000| Untracked 
| 100|0x0000000086400000, 0x0000000086500000, 0x0000000086500000|100%| O|  |TAMS 0x0000000086500000, 0x0000000086400000| Untracked 
| 101|0x0000000086500000, 0x0000000086600000, 0x0000000086600000|100%| O|  |TAMS 0x0000000086600000, 0x0000000086500000| Untracked 
| 102|0x0000000086600000, 0x0000000086700000, 0x0000000086700000|100%| O|  |TAMS 0x0000000086700000, 0x0000000086600000| Complete 
| 103|0x0000000086700000, 0x0000000086800000, 0x0000000086800000|100%| O|  |TAMS 0x0000000086800000, 0x0000000086700000| Untracked 
| 104|0x0000000086800000, 0x0000000086900000, 0x0000000086900000|100%| O|  |TAMS 0x0000000086900000, 0x0000000086800000| Untracked 
| 105|0x0000000086900000, 0x0000000086a00000, 0x0000000086a00000|100%| O|  |TAMS 0x0000000086a00000, 0x0000000086900000| Untracked 
| 106|0x0000000086a00000, 0x0000000086b00000, 0x0000000086b00000|100%| O|  |TAMS 0x0000000086b00000, 0x0000000086a00000| Untracked 
| 107|0x0000000086b00000, 0x0000000086c00000, 0x0000000086c00000|100%| O|  |TAMS 0x0000000086c00000, 0x0000000086b00000| Untracked 
| 108|0x0000000086c00000, 0x0000000086d00000, 0x0000000086d00000|100%| O|  |TAMS 0x0000000086d00000, 0x0000000086c00000| Untracked 
| 109|0x0000000086d00000, 0x0000000086e00000, 0x0000000086e00000|100%| O|  |TAMS 0x0000000086e00000, 0x0000000086d00000| Complete 
| 110|0x0000000086e00000, 0x0000000086f00000, 0x0000000086f00000|100%| O|  |TAMS 0x0000000086e64000, 0x0000000086e00000| Untracked 
| 111|0x0000000086f00000, 0x0000000087000000, 0x0000000087000000|100%| O|  |TAMS 0x0000000087000000, 0x0000000086f00000| Complete 
| 112|0x0000000087000000, 0x0000000087100000, 0x0000000087100000|100%| O|  |TAMS 0x0000000087100000, 0x0000000087000000| Untracked 
| 113|0x0000000087100000, 0x0000000087200000, 0x0000000087200000|100%| O|  |TAMS 0x0000000087200000, 0x0000000087100000| Complete 
| 114|0x0000000087200000, 0x0000000087300000, 0x0000000087300000|100%| O|  |TAMS 0x0000000087300000, 0x0000000087200000| Untracked 
| 115|0x0000000087300000, 0x0000000087400000, 0x0000000087400000|100%| O|  |TAMS 0x0000000087400000, 0x0000000087300000| Complete 
| 116|0x0000000087400000, 0x0000000087500000, 0x0000000087500000|100%| O|  |TAMS 0x0000000087500000, 0x0000000087400000| Complete 
| 117|0x0000000087500000, 0x0000000087600000, 0x0000000087600000|100%| O|  |TAMS 0x0000000087600000, 0x0000000087500000| Untracked 
| 118|0x0000000087600000, 0x0000000087700000, 0x0000000087700000|100%| O|  |TAMS 0x0000000087700000, 0x0000000087600000| Untracked 
| 119|0x0000000087700000, 0x0000000087800000, 0x0000000087800000|100%| O|  |TAMS 0x0000000087800000, 0x0000000087700000| Untracked 
| 120|0x0000000087800000, 0x0000000087900000, 0x0000000087900000|100%| O|  |TAMS 0x0000000087900000, 0x0000000087800000| Untracked 
| 121|0x0000000087900000, 0x0000000087a00000, 0x0000000087a00000|100%| O|  |TAMS 0x0000000087a00000, 0x0000000087900000| Untracked 
| 122|0x0000000087a00000, 0x0000000087b00000, 0x0000000087b00000|100%| O|  |TAMS 0x0000000087b00000, 0x0000000087a00000| Untracked 
| 123|0x0000000087b00000, 0x0000000087c00000, 0x0000000087c00000|100%| O|  |TAMS 0x0000000087c00000, 0x0000000087b00000| Complete 
| 124|0x0000000087c00000, 0x0000000087d00000, 0x0000000087d00000|100%| O|  |TAMS 0x0000000087d00000, 0x0000000087c00000| Complete 
| 125|0x0000000087d00000, 0x0000000087e00000, 0x0000000087e00000|100%| O|  |TAMS 0x0000000087e00000, 0x0000000087d00000| Untracked 
| 126|0x0000000087e00000, 0x0000000087f00000, 0x0000000087f00000|100%| O|  |TAMS 0x0000000087f00000, 0x0000000087e00000| Untracked 
| 127|0x0000000087f00000, 0x0000000088000000, 0x0000000088000000|100%| O|  |TAMS 0x0000000088000000, 0x0000000087f00000| Complete 
| 128|0x0000000088000000, 0x0000000088100000, 0x0000000088100000|100%| O|  |TAMS 0x0000000088100000, 0x0000000088000000| Complete 
| 129|0x0000000088100000, 0x0000000088200000, 0x0000000088200000|100%| O|  |TAMS 0x0000000088200000, 0x0000000088100000| Complete 
| 130|0x0000000088200000, 0x0000000088300000, 0x0000000088300000|100%| O|  |TAMS 0x0000000088200000, 0x0000000088200000| Untracked 
| 131|0x0000000088300000, 0x0000000088400000, 0x0000000088400000|100%| O|  |TAMS 0x0000000088300000, 0x0000000088300000| Untracked 
| 132|0x0000000088400000, 0x0000000088500000, 0x0000000088500000|100%| O|  |TAMS 0x0000000088400000, 0x0000000088400000| Untracked 
| 133|0x0000000088500000, 0x0000000088550200, 0x0000000088600000| 31%| O|  |TAMS 0x0000000088500000, 0x0000000088500000| Untracked 
| 134|0x0000000088600000, 0x0000000088600000, 0x0000000088700000|  0%| F|  |TAMS 0x0000000088600000, 0x0000000088600000| Untracked 
| 135|0x0000000088700000, 0x0000000088700000, 0x0000000088800000|  0%| F|  |TAMS 0x0000000088700000, 0x0000000088700000| Untracked 
| 136|0x0000000088800000, 0x0000000088800000, 0x0000000088900000|  0%| F|  |TAMS 0x0000000088800000, 0x0000000088800000| Untracked 
| 137|0x0000000088900000, 0x0000000088900000, 0x0000000088a00000|  0%| F|  |TAMS 0x0000000088900000, 0x0000000088900000| Untracked 
| 138|0x0000000088a00000, 0x0000000088a00000, 0x0000000088b00000|  0%| F|  |TAMS 0x0000000088a00000, 0x0000000088a00000| Untracked 
| 139|0x0000000088b00000, 0x0000000088b00000, 0x0000000088c00000|  0%| F|  |TAMS 0x0000000088b00000, 0x0000000088b00000| Untracked 
| 140|0x0000000088c00000, 0x0000000088c00000, 0x0000000088d00000|  0%| F|  |TAMS 0x0000000088c00000, 0x0000000088c00000| Untracked 
| 141|0x0000000088d00000, 0x0000000088d00000, 0x0000000088e00000|  0%| F|  |TAMS 0x0000000088d00000, 0x0000000088d00000| Untracked 
| 142|0x0000000088e00000, 0x0000000088e00000, 0x0000000088f00000|  0%| F|  |TAMS 0x0000000088e00000, 0x0000000088e00000| Untracked 
| 143|0x0000000088f00000, 0x0000000088f00000, 0x0000000089000000|  0%| F|  |TAMS 0x0000000088f00000, 0x0000000088f00000| Untracked 
| 144|0x0000000089000000, 0x0000000089000000, 0x0000000089100000|  0%| F|  |TAMS 0x0000000089000000, 0x0000000089000000| Untracked 
| 145|0x0000000089100000, 0x0000000089100000, 0x0000000089200000|  0%| F|  |TAMS 0x0000000089100000, 0x0000000089100000| Untracked 
| 146|0x0000000089200000, 0x0000000089200000, 0x0000000089300000|  0%| F|  |TAMS 0x0000000089200000, 0x0000000089200000| Untracked 
| 147|0x0000000089300000, 0x0000000089300000, 0x0000000089400000|  0%| F|  |TAMS 0x0000000089300000, 0x0000000089300000| Untracked 
| 148|0x0000000089400000, 0x0000000089400000, 0x0000000089500000|  0%| F|  |TAMS 0x0000000089400000, 0x0000000089400000| Untracked 
| 149|0x0000000089500000, 0x0000000089500000, 0x0000000089600000|  0%| F|  |TAMS 0x0000000089500000, 0x0000000089500000| Untracked 
| 150|0x0000000089600000, 0x0000000089600000, 0x0000000089700000|  0%| F|  |TAMS 0x0000000089600000, 0x0000000089600000| Untracked 
| 151|0x0000000089700000, 0x0000000089700000, 0x0000000089800000|  0%| F|  |TAMS 0x0000000089700000, 0x0000000089700000| Untracked 
| 152|0x0000000089800000, 0x0000000089800000, 0x0000000089900000|  0%| F|  |TAMS 0x0000000089800000, 0x0000000089800000| Untracked 
| 153|0x0000000089900000, 0x0000000089900000, 0x0000000089a00000|  0%| F|  |TAMS 0x0000000089900000, 0x0000000089900000| Untracked 
| 154|0x0000000089a00000, 0x0000000089a00000, 0x0000000089b00000|  0%| F|  |TAMS 0x0000000089a00000, 0x0000000089a00000| Untracked 
| 155|0x0000000089b00000, 0x0000000089b00000, 0x0000000089c00000|  0%| F|  |TAMS 0x0000000089b00000, 0x0000000089b00000| Untracked 
| 156|0x0000000089c00000, 0x0000000089c00000, 0x0000000089d00000|  0%| F|  |TAMS 0x0000000089c00000, 0x0000000089c00000| Untracked 
| 157|0x0000000089d00000, 0x0000000089d00000, 0x0000000089e00000|  0%| F|  |TAMS 0x0000000089d00000, 0x0000000089d00000| Untracked 
| 158|0x0000000089e00000, 0x0000000089e00000, 0x0000000089f00000|  0%| F|  |TAMS 0x0000000089e00000, 0x0000000089e00000| Untracked 
| 159|0x0000000089f00000, 0x0000000089f00000, 0x000000008a000000|  0%| F|  |TAMS 0x0000000089f00000, 0x0000000089f00000| Untracked 
| 160|0x000000008a000000, 0x000000008a000000, 0x000000008a100000|  0%| F|  |TAMS 0x000000008a000000, 0x000000008a000000| Untracked 
| 161|0x000000008a100000, 0x000000008a100000, 0x000000008a200000|  0%| F|  |TAMS 0x000000008a100000, 0x000000008a100000| Untracked 
| 162|0x000000008a200000, 0x000000008a200000, 0x000000008a300000|  0%| F|  |TAMS 0x000000008a200000, 0x000000008a200000| Untracked 
| 163|0x000000008a300000, 0x000000008a394400, 0x000000008a400000| 57%| S|CS|TAMS 0x000000008a300000, 0x000000008a300000| Complete 
| 164|0x000000008a400000, 0x000000008a500000, 0x000000008a500000|100%| S|CS|TAMS 0x000000008a400000, 0x000000008a400000| Complete 
| 165|0x000000008a500000, 0x000000008a600000, 0x000000008a600000|100%| S|CS|TAMS 0x000000008a500000, 0x000000008a500000| Complete 
| 166|0x000000008a600000, 0x000000008a600000, 0x000000008a700000|  0%| F|  |TAMS 0x000000008a600000, 0x000000008a600000| Untracked 
| 167|0x000000008a700000, 0x000000008a700000, 0x000000008a800000|  0%| F|  |TAMS 0x000000008a700000, 0x000000008a700000| Untracked 
| 168|0x000000008a800000, 0x000000008a800000, 0x000000008a900000|  0%| F|  |TAMS 0x000000008a800000, 0x000000008a800000| Untracked 
| 169|0x000000008a900000, 0x000000008a900000, 0x000000008aa00000|  0%| F|  |TAMS 0x000000008a900000, 0x000000008a900000| Untracked 
| 170|0x000000008aa00000, 0x000000008aa00000, 0x000000008ab00000|  0%| F|  |TAMS 0x000000008aa00000, 0x000000008aa00000| Untracked 
| 171|0x000000008ab00000, 0x000000008ab00000, 0x000000008ac00000|  0%| F|  |TAMS 0x000000008ab00000, 0x000000008ab00000| Untracked 
| 172|0x000000008ac00000, 0x000000008ac00000, 0x000000008ad00000|  0%| F|  |TAMS 0x000000008ac00000, 0x000000008ac00000| Untracked 
| 173|0x000000008ad00000, 0x000000008ad00000, 0x000000008ae00000|  0%| F|  |TAMS 0x000000008ad00000, 0x000000008ad00000| Untracked 
| 174|0x000000008ae00000, 0x000000008ae00000, 0x000000008af00000|  0%| F|  |TAMS 0x000000008ae00000, 0x000000008ae00000| Untracked 
| 175|0x000000008af00000, 0x000000008af00000, 0x000000008b000000|  0%| F|  |TAMS 0x000000008af00000, 0x000000008af00000| Untracked 
| 176|0x000000008b000000, 0x000000008b000000, 0x000000008b100000|  0%| F|  |TAMS 0x000000008b000000, 0x000000008b000000| Untracked 
| 177|0x000000008b100000, 0x000000008b100000, 0x000000008b200000|  0%| F|  |TAMS 0x000000008b100000, 0x000000008b100000| Untracked 
| 178|0x000000008b200000, 0x000000008b200000, 0x000000008b300000|  0%| F|  |TAMS 0x000000008b200000, 0x000000008b200000| Untracked 
| 179|0x000000008b300000, 0x000000008b300000, 0x000000008b400000|  0%| F|  |TAMS 0x000000008b300000, 0x000000008b300000| Untracked 
| 180|0x000000008b400000, 0x000000008b400000, 0x000000008b500000|  0%| F|  |TAMS 0x000000008b400000, 0x000000008b400000| Untracked 
| 181|0x000000008b500000, 0x000000008b500000, 0x000000008b600000|  0%| F|  |TAMS 0x000000008b500000, 0x000000008b500000| Untracked 
| 182|0x000000008b600000, 0x000000008b600000, 0x000000008b700000|  0%| F|  |TAMS 0x000000008b600000, 0x000000008b600000| Untracked 
| 183|0x000000008b700000, 0x000000008b700000, 0x000000008b800000|  0%| F|  |TAMS 0x000000008b700000, 0x000000008b700000| Untracked 
| 184|0x000000008b800000, 0x000000008b800000, 0x000000008b900000|  0%| F|  |TAMS 0x000000008b800000, 0x000000008b800000| Untracked 
| 185|0x000000008b900000, 0x000000008b900000, 0x000000008ba00000|  0%| F|  |TAMS 0x000000008b900000, 0x000000008b900000| Untracked 
| 186|0x000000008ba00000, 0x000000008ba00000, 0x000000008bb00000|  0%| F|  |TAMS 0x000000008ba00000, 0x000000008ba00000| Untracked 
| 187|0x000000008bb00000, 0x000000008bb00000, 0x000000008bc00000|  0%| F|  |TAMS 0x000000008bb00000, 0x000000008bb00000| Untracked 
| 188|0x000000008bc00000, 0x000000008bc00000, 0x000000008bd00000|  0%| F|  |TAMS 0x000000008bc00000, 0x000000008bc00000| Untracked 
| 189|0x000000008bd00000, 0x000000008bd00000, 0x000000008be00000|  0%| F|  |TAMS 0x000000008bd00000, 0x000000008bd00000| Untracked 

Card table byte_map: [0x000001b1f4110000,0x000001b1f4510000] _byte_map_base: 0x000001b1f3d10000

Marking Bits (Prev, Next): (CMBitMap*) 0x000001b1df00d280, (CMBitMap*) 0x000001b1df00d248
 Prev Bits: [0x000001b1f6910000, 0x000001b1f8910000)
 Next Bits: [0x000001b1f4910000, 0x000001b1f6910000)

Polling page: 0x000001b1df0a0000

Metaspace:

Usage:
  Non-class:    101.32 MB capacity,    99.20 MB ( 98%) used,     1.69 MB (  2%) free+waste,   434.38 KB ( <1%) overhead. 
      Class:     15.58 MB capacity,    14.28 MB ( 92%) used,     1.11 MB (  7%) free+waste,   191.13 KB (  1%) overhead. 
       Both:    116.90 MB capacity,   113.49 MB ( 97%) used,     2.80 MB (  2%) free+waste,   625.50 KB ( <1%) overhead. 

Virtual space:
  Non-class space:      102.00 MB reserved,     101.50 MB (>99%) committed 
      Class space:        1.00 GB reserved,      15.70 MB (  2%) committed 
             Both:        1.10 GB reserved,     117.20 MB ( 10%) committed 

Chunk freelists:
   Non-Class:  0 bytes
       Class:  0 bytes
        Both:  0 bytes

MaxMetaspaceSize: 17179869184.00 GB
CompressedClassSpaceSize: 1.00 GB

CodeHeap 'non-profiled nmethods': size=120000Kb used=16219Kb max_used=16219Kb free=103780Kb
 bounds [0x000001b1ebd80000, 0x000001b1ecd60000, 0x000001b1f32b0000]
CodeHeap 'profiled nmethods': size=120000Kb used=47981Kb max_used=47981Kb free=72018Kb
 bounds [0x000001b1e4850000, 0x000001b1e7750000, 0x000001b1ebd80000]
CodeHeap 'non-nmethods': size=5760Kb used=2333Kb max_used=2416Kb free=3426Kb
 bounds [0x000001b1e42b0000, 0x000001b1e4520000, 0x000001b1e4850000]
 total_blobs=22577 nmethods=21628 adapters=857
 compilation: enabled
              stopped_count=0, restarted_count=0
 full_count=0

Compilation events (20 events):
Event: 4486.438 Thread 0x000001b1fbc94000 nmethod 23673 0x000001b1e5b40e10 code [0x000001b1e5b40fc0, 0x000001b1e5b411f8]
Event: 4486.438 Thread 0x000001b1fbc94000 23672       2       com.android.tools.r8.internal.pe::a (56 bytes)
Event: 4486.438 Thread 0x000001b1fbc94000 nmethod 23672 0x000001b1e5c15310 code [0x000001b1e5c15500, 0x000001b1e5c158b8]
Event: 4486.438 Thread 0x000001b1fbc94000 23674       2       com.android.tools.r8.internal.k4$$Lambda$1638/0x0000000100d90840::test (16 bytes)
Event: 4486.438 Thread 0x000001b1fbc94000 nmethod 23674 0x000001b1e5c1c810 code [0x000001b1e5c1c9e0, 0x000001b1e5c1cc08]
Event: 4486.438 Thread 0x000001b1fbc94000 23675       2       com.android.tools.r8.internal.Me::a (55 bytes)
Event: 4486.439 Thread 0x000001b1fbc94000 nmethod 23675 0x000001b1e5c66490 code [0x000001b1e5c666a0, 0x000001b1e5c669e8]
Event: 4486.439 Thread 0x000001b1fbc94000 23677       2       com.android.tools.r8.internal.pe$a::<init> (6 bytes)
Event: 4486.439 Thread 0x000001b1fbc94000 nmethod 23677 0x000001b1e5a92710 code [0x000001b1e5a928c0, 0x000001b1e5a929f8]
Event: 4486.440 Thread 0x000001b1fbc94000 23678       2       com.android.tools.r8.internal.l4$d::k (4 bytes)
Event: 4486.441 Thread 0x000001b1fbc94000 nmethod 23678 0x000001b1e4ab8f10 code [0x000001b1e4ab90c0, 0x000001b1e4ab9198]
Event: 4486.441 Thread 0x000001b1fbc94000 23679       2       com.android.tools.r8.internal.e5::c (8 bytes)
Event: 4486.441 Thread 0x000001b1fbc94000 nmethod 23679 0x000001b1e5a94210 code [0x000001b1e5a943c0, 0x000001b1e5a944e8]
Event: 4486.441 Thread 0x000001b1fbc94000 23680       2       com.android.tools.r8.graph.B0$b::a (58 bytes)
Event: 4486.443 Thread 0x000001b1fbc94000 nmethod 23680 0x000001b1e5c1c210 code [0x000001b1e5c1c3e0, 0x000001b1e5c1c648]
Event: 4486.443 Thread 0x000001b1fbc94000 23681       2       com.android.tools.r8.graph.n$$Lambda$1359/0x0000000100cce440::a (42 bytes)
Event: 4486.443 Thread 0x000001b1fbc94000 nmethod 23681 0x000001b1e5c66010 code [0x000001b1e5c661c0, 0x000001b1e5c663a8]
Event: 4486.443 Thread 0x000001b1fbc94000 23684       2       com.android.tools.r8.internal.ka::a (519 bytes)
Event: 4486.448 Thread 0x000001b1fbc94000 nmethod 23684 0x000001b1e7743a10 code [0x000001b1e7743f80, 0x000001b1e77460c8]
Event: 4486.448 Thread 0x000001b1fbc94000 23685       2       com.android.tools.r8.graph.H::a (198 bytes)

GC Heap History (20 events):
Event: 4483.035 GC heap after
{Heap after GC invocations=68 (full 0):
 garbage-first heap   total 194560K, used 86083K [0x0000000080000000, 0x0000000100000000)
  region size 1024K, 2 young (2048K), 2 survivors (2048K)
 Metaspace       used 114609K, capacity 118090K, committed 118220K, reserved 1150976K
  class space    used 14484K, capacity 15776K, committed 15820K, reserved 1048576K
}
Event: 4483.487 GC heap before
{Heap before GC invocations=68 (full 0):
 garbage-first heap   total 194560K, used 151619K [0x0000000080000000, 0x0000000100000000)
  region size 1024K, 66 young (67584K), 2 survivors (2048K)
 Metaspace       used 114636K, capacity 118157K, committed 118220K, reserved 1150976K
  class space    used 14487K, capacity 15777K, committed 15820K, reserved 1048576K
}
Event: 4483.493 GC heap after
{Heap after GC invocations=69 (full 0):
 garbage-first heap   total 194560K, used 85997K [0x0000000080000000, 0x0000000100000000)
  region size 1024K, 2 young (2048K), 2 survivors (2048K)
 Metaspace       used 114636K, capacity 118157K, committed 118220K, reserved 1150976K
  class space    used 14487K, capacity 15777K, committed 15820K, reserved 1048576K
}
Event: 4484.014 GC heap before
{Heap before GC invocations=70 (full 0):
 garbage-first heap   total 194560K, used 120813K [0x0000000080000000, 0x0000000100000000)
  region size 1024K, 37 young (37888K), 2 survivors (2048K)
 Metaspace       used 114763K, capacity 118291K, committed 118604K, reserved 1153024K
  class space    used 14509K, capacity 15822K, committed 15948K, reserved 1048576K
}
Event: 4484.019 GC heap after
{Heap after GC invocations=71 (full 0):
 garbage-first heap   total 194560K, used 86260K [0x0000000080000000, 0x0000000100000000)
  region size 1024K, 2 young (2048K), 2 survivors (2048K)
 Metaspace       used 114763K, capacity 118291K, committed 118604K, reserved 1153024K
  class space    used 14509K, capacity 15822K, committed 15948K, reserved 1048576K
}
Event: 4484.390 GC heap before
{Heap before GC invocations=72 (full 0):
 garbage-first heap   total 194560K, used 161012K [0x0000000080000000, 0x0000000100000000)
  region size 1024K, 64 young (65536K), 2 survivors (2048K)
 Metaspace       used 114782K, capacity 118299K, committed 118604K, reserved 1153024K
  class space    used 14509K, capacity 15823K, committed 15948K, reserved 1048576K
}
Event: 4484.414 GC heap after
{Heap after GC invocations=73 (full 0):
 garbage-first heap   total 194560K, used 95075K [0x0000000080000000, 0x0000000100000000)
  region size 1024K, 8 young (8192K), 8 survivors (8192K)
 Metaspace       used 114782K, capacity 118299K, committed 118604K, reserved 1153024K
  class space    used 14509K, capacity 15823K, committed 15948K, reserved 1048576K
}
Event: 4485.121 GC heap before
{Heap before GC invocations=73 (full 0):
 garbage-first heap   total 194560K, used 153443K [0x0000000080000000, 0x0000000100000000)
  region size 1024K, 66 young (67584K), 8 survivors (8192K)
 Metaspace       used 115056K, capacity 118517K, committed 118860K, reserved 1153024K
  class space    used 14527K, capacity 15830K, committed 15948K, reserved 1048576K
}
Event: 4485.147 GC heap after
{Heap after GC invocations=74 (full 0):
 garbage-first heap   total 194560K, used 105482K [0x0000000080000000, 0x0000000100000000)
  region size 1024K, 9 young (9216K), 9 survivors (9216K)
 Metaspace       used 115056K, capacity 118517K, committed 118860K, reserved 1153024K
  class space    used 14527K, capacity 15830K, committed 15948K, reserved 1048576K
}
Event: 4485.341 GC heap before
{Heap before GC invocations=75 (full 0):
 garbage-first heap   total 194560K, used 153610K [0x0000000080000000, 0x0000000100000000)
  region size 1024K, 57 young (58368K), 9 survivors (9216K)
 Metaspace       used 115440K, capacity 118928K, committed 119116K, reserved 1153024K
  class space    used 14580K, capacity 15895K, committed 15948K, reserved 1048576K
}
Event: 4485.365 GC heap after
{Heap after GC invocations=76 (full 0):
 garbage-first heap   total 194560K, used 117760K [0x0000000080000000, 0x0000000100000000)
  region size 1024K, 8 young (8192K), 8 survivors (8192K)
 Metaspace       used 115440K, capacity 118928K, committed 119116K, reserved 1153024K
  class space    used 14580K, capacity 15895K, committed 15948K, reserved 1048576K
}
Event: 4485.559 GC heap before
{Heap before GC invocations=76 (full 0):
 garbage-first heap   total 194560K, used 155648K [0x0000000080000000, 0x0000000100000000)
  region size 1024K, 46 young (47104K), 8 survivors (8192K)
 Metaspace       used 115686K, capacity 119233K, committed 119372K, reserved 1153024K
  class space    used 14591K, capacity 15932K, committed 15948K, reserved 1048576K
}
Event: 4485.597 GC heap after
{Heap after GC invocations=77 (full 0):
 garbage-first heap   total 194560K, used 126456K [0x0000000080000000, 0x0000000100000000)
  region size 1024K, 6 young (6144K), 6 survivors (6144K)
 Metaspace       used 115686K, capacity 119233K, committed 119372K, reserved 1153024K
  class space    used 14591K, capacity 15932K, committed 15948K, reserved 1048576K
}
Event: 4486.005 GC heap before
{Heap before GC invocations=78 (full 0):
 garbage-first heap   total 194560K, used 157176K [0x0000000080000000, 0x0000000100000000)
  region size 1024K, 37 young (37888K), 6 survivors (6144K)
 Metaspace       used 115815K, capacity 119341K, committed 119628K, reserved 1153024K
  class space    used 14594K, capacity 15924K, committed 15948K, reserved 1048576K
}
Event: 4486.017 GC heap after
{Heap after GC invocations=79 (full 0):
 garbage-first heap   total 194560K, used 132563K [0x0000000080000000, 0x0000000100000000)
  region size 1024K, 5 young (5120K), 5 survivors (5120K)
 Metaspace       used 115815K, capacity 119341K, committed 119628K, reserved 1153024K
  class space    used 14594K, capacity 15924K, committed 15948K, reserved 1048576K
}
Event: 4486.046 GC heap before
{Heap before GC invocations=79 (full 0):
 garbage-first heap   total 194560K, used 136659K [0x0000000080000000, 0x0000000100000000)
  region size 1024K, 9 young (9216K), 5 survivors (5120K)
 Metaspace       used 115817K, capacity 119341K, committed 119628K, reserved 1153024K
  class space    used 14594K, capacity 15924K, committed 15948K, reserved 1048576K
}
Event: 4486.055 GC heap after
{Heap after GC invocations=80 (full 0):
 garbage-first heap   total 194560K, used 132391K [0x0000000080000000, 0x0000000100000000)
  region size 1024K, 2 young (2048K), 2 survivors (2048K)
 Metaspace       used 115817K, capacity 119341K, committed 119628K, reserved 1153024K
  class space    used 14594K, capacity 15924K, committed 15948K, reserved 1048576K
}
Event: 4486.130 GC heap before
{Heap before GC invocations=80 (full 0):
 garbage-first heap   total 194560K, used 159015K [0x0000000080000000, 0x0000000100000000)
  region size 1024K, 29 young (29696K), 2 survivors (2048K)
 Metaspace       used 115918K, capacity 119407K, committed 119628K, reserved 1153024K
  class space    used 14596K, capacity 15924K, committed 15948K, reserved 1048576K
}
Event: 4486.140 GC heap after
{Heap after GC invocations=81 (full 0):
 garbage-first heap   total 194560K, used 136592K [0x0000000080000000, 0x0000000100000000)
  region size 1024K, 4 young (4096K), 4 survivors (4096K)
 Metaspace       used 115918K, capacity 119407K, committed 119628K, reserved 1153024K
  class space    used 14596K, capacity 15924K, committed 15948K, reserved 1048576K
}
Event: 4486.449 GC heap before
{Heap before GC invocations=82 (full 0):
 garbage-first heap   total 194560K, used 160144K [0x0000000080000000, 0x0000000100000000)
  region size 1024K, 28 young (28672K), 4 survivors (4096K)
 Metaspace       used 116210K, capacity 119703K, committed 120012K, reserved 1153024K
  class space    used 14624K, capacity 15952K, committed 16076K, reserved 1048576K
}

Deoptimization events (20 events):
Event: 4486.206 Thread 0x000001b183812800 DEOPT PACKING pc=0x000001b1ec66e8a4 sp=0x000000890dbfa250
Event: 4486.206 Thread 0x000001b183812800 DEOPT UNPACKING pc=0x000001b1e42d78af sp=0x000000890dbfa218 mode 2
Event: 4486.268 Thread 0x000001b183812800 Uncommon trap: trap_request=0xffffff4d fr.pc=0x000001b1ecd1f6bc relative=0x000000000000009c
Event: 4486.268 Thread 0x000001b183812800 Uncommon trap: reason=unstable_if action=reinterpret pc=0x000001b1ecd1f6bc method=com.android.tools.r8.graph.d0.a0()Z @ 11 c2
Event: 4486.268 Thread 0x000001b183812800 DEOPT PACKING pc=0x000001b1ecd1f6bc sp=0x000000890dbfa240
Event: 4486.268 Thread 0x000001b183812800 DEOPT UNPACKING pc=0x000001b1e42d78af sp=0x000000890dbfa160 mode 2
Event: 4486.416 Thread 0x000001b183814000 Uncommon trap: trap_request=0xffffff4d fr.pc=0x000001b1ec662944 relative=0x00000000000023a4
Event: 4486.416 Thread 0x000001b183814000 Uncommon trap: reason=unstable_if action=reinterpret pc=0x000001b1ec662944 method=org.gradle.api.internal.changedetection.state.GradleUserHomeScopeFileTimeStampInspector.timestampCanBeUsedToDetectFileChange(Ljava/lang/String;J)Z @ 37 c2
Event: 4486.416 Thread 0x000001b183814000 DEOPT PACKING pc=0x000001b1ec662944 sp=0x000000890dafbd10
Event: 4486.418 Thread 0x000001b183814000 DEOPT UNPACKING pc=0x000001b1e42d78af sp=0x000000890dafbbd8 mode 2
Event: 4486.423 Thread 0x000001b183811000 Uncommon trap: trap_request=0xffffff4d fr.pc=0x000001b1ecd55a54 relative=0x0000000000000114
Event: 4486.423 Thread 0x000001b183811000 Uncommon trap: reason=unstable_if action=reinterpret pc=0x000001b1ecd55a54 method=com.android.tools.r8.internal.E9.a(C)Z @ 21 c2
Event: 4486.423 Thread 0x000001b183811000 DEOPT PACKING pc=0x000001b1ecd55a54 sp=0x000000890d3fa020
Event: 4486.423 Thread 0x000001b183811000 DEOPT UNPACKING pc=0x000001b1e42d78af sp=0x000000890d3f9ef0 mode 2
Event: 4486.423 Thread 0x000001b183811000 Uncommon trap: trap_request=0xffffff4d fr.pc=0x000001b1ecd37d8c relative=0x000000000000006c
Event: 4486.423 Thread 0x000001b183811000 Uncommon trap: reason=unstable_if action=reinterpret pc=0x000001b1ecd37d8c method=com.android.tools.r8.internal.E9.a(C)Z @ 21 c2
Event: 4486.423 Thread 0x000001b183811000 DEOPT PACKING pc=0x000001b1ecd37d8c sp=0x000000890d3f9f70
Event: 4486.424 Thread 0x000001b183811000 DEOPT UNPACKING pc=0x000001b1e42d78af sp=0x000000890d3f9f00 mode 2
Event: 4486.428 Thread 0x000001b183812800 DEOPT PACKING pc=0x000001b1e541ca95 sp=0x000000890dbfaa10
Event: 4486.428 Thread 0x000001b183812800 DEOPT UNPACKING pc=0x000001b1e42d76ce sp=0x000000890dbf9f00 mode 0

Classes redefined (0 events):
No events

Internal exceptions (20 events):
Event: 4481.602 Thread 0x000001b1838bf000 Implicit null exception at 0x000001b1ecbd039f to 0x000001b1ecbd4af0
Event: 4482.005 Thread 0x000001b1838bf000 Exception <a 'sun/nio/fs/WindowsException'{0x0000000088c595c8}> (0x0000000088c595c8) thrown at [./src/hotspot/share/prims/jni.cpp, line 615]
Event: 4482.005 Thread 0x000001b1838bf000 Exception <a 'sun/nio/fs/WindowsException'{0x0000000088c5a460}> (0x0000000088c5a460) thrown at [./src/hotspot/share/prims/jni.cpp, line 615]
Event: 4482.005 Thread 0x000001b1838bf000 Exception <a 'sun/nio/fs/WindowsException'{0x0000000088c5a6c8}> (0x0000000088c5a6c8) thrown at [./src/hotspot/share/prims/jni.cpp, line 615]
Event: 4482.005 Thread 0x000001b1838bf000 Exception <a 'sun/nio/fs/WindowsException'{0x0000000088c5b528}> (0x0000000088c5b528) thrown at [./src/hotspot/share/prims/jni.cpp, line 615]
Event: 4482.005 Thread 0x000001b1838bf000 Exception <a 'sun/nio/fs/WindowsException'{0x0000000088c5b758}> (0x0000000088c5b758) thrown at [./src/hotspot/share/prims/jni.cpp, line 615]
Event: 4482.005 Thread 0x000001b1838bf000 Exception <a 'sun/nio/fs/WindowsException'{0x0000000088c5c5a0}> (0x0000000088c5c5a0) thrown at [./src/hotspot/share/prims/jni.cpp, line 615]
Event: 4482.162 Thread 0x000001b1838bf000 Exception <a 'java/lang/reflect/InvocationTargetException'{0x00000000882c13d0}> (0x00000000882c13d0) thrown at [./src/hotspot/share/runtime/reflection.cpp, line 1247]
Event: 4485.031 Thread 0x000001b18380e800 Exception <a 'sun/nio/fs/WindowsException'{0x000000008951ab18}> (0x000000008951ab18) thrown at [./src/hotspot/share/prims/jni.cpp, line 615]
Event: 4485.032 Thread 0x000001b183811000 Exception <a 'sun/nio/fs/WindowsException'{0x000000008940bb10}> (0x000000008940bb10) thrown at [./src/hotspot/share/prims/jni.cpp, line 615]
Event: 4485.117 Thread 0x000001b183814000 Exception <a 'sun/nio/fs/WindowsException'{0x00000000886a7ec0}> (0x00000000886a7ec0) thrown at [./src/hotspot/share/prims/jni.cpp, line 615]
Event: 4485.119 Thread 0x000001b183815000 Exception <a 'sun/nio/fs/WindowsException'{0x0000000088421200}> (0x0000000088421200) thrown at [./src/hotspot/share/prims/jni.cpp, line 615]
Event: 4485.177 Thread 0x000001b183811000 Exception <a 'java/lang/IncompatibleClassChangeError'{0x000000008baa65f8}: Found class java.lang.Object, but interface was expected> (0x000000008baa65f8) thrown at [./src/hotspot/share/interpreter/linkResolver.cpp, line 839]
Event: 4485.202 Thread 0x000001b1838bb000 Exception <a 'sun/nio/fs/WindowsException'{0x000000008b0530a0}> (0x000000008b0530a0) thrown at [./src/hotspot/share/prims/jni.cpp, line 615]
Event: 4485.243 Thread 0x000001b183814000 Exception <a 'java/lang/NoSuchMethodError'{0x000000008a7513f8}: 'java.lang.Object java.lang.invoke.Invokers$Holder.linkToTargetMethod(java.lang.Object, java.lang.Object, java.lang.Object, java.lang.Object, java.lang.Object, java.lang.Object, java.lang.Object, java.lang.Object)'> (0x000000008a7513f8) thrown at [./src/hotspot/share/interpreter/linkResolver.cpp, line 773]
Event: 4485.368 Thread 0x000001b1838bc000 Exception <a 'sun/nio/fs/WindowsException'{0x000000008bc2cbf0}> (0x000000008bc2cbf0) thrown at [./src/hotspot/share/prims/jni.cpp, line 615]
Event: 4485.514 Thread 0x000001b183812800 Exception <a 'sun/nio/fs/WindowsException'{0x000000008a9d5570}> (0x000000008a9d5570) thrown at [./src/hotspot/share/prims/jni.cpp, line 615]
Event: 4485.693 Thread 0x000001b183811800 Exception <a 'sun/nio/fs/WindowsException'{0x000000008b360890}> (0x000000008b360890) thrown at [./src/hotspot/share/prims/jni.cpp, line 615]
Event: 4486.187 Thread 0x000001b183814000 Exception <a 'java/lang/IncompatibleClassChangeError'{0x000000008b8c63f8}: Found class java.lang.Object, but interface was expected> (0x000000008b8c63f8) thrown at [./src/hotspot/share/interpreter/linkResolver.cpp, line 839]
Event: 4486.198 Thread 0x000001b183814000 Exception <a 'sun/nio/fs/WindowsException'{0x000000008b7b3588}> (0x000000008b7b3588) thrown at [./src/hotspot/share/prims/jni.cpp, line 615]

Events (20 events):
Event: 4486.269 loading class com/android/tools/r8/internal/iu done
Event: 4486.269 loading class com/android/tools/r8/internal/Ne
Event: 4486.269 loading class com/android/tools/r8/internal/Ne done
Event: 4486.269 loading class com/android/tools/r8/internal/iu
Event: 4486.269 loading class com/android/tools/r8/internal/iu done
Event: 4486.269 loading class com/android/tools/r8/internal/Ue
Event: 4486.269 loading class com/android/tools/r8/internal/Ue done
Event: 4486.299 Executing VM operation: CGC_Operation
Event: 4486.323 Executing VM operation: CGC_Operation done
Event: 4486.407 Executing VM operation: CGC_Operation
Event: 4486.407 Executing VM operation: CGC_Operation done
Event: 4486.410 loading class org/gradle/api/internal/artifacts/transform/DefaultTransformerInvocationFactory$TransformerExecution
Event: 4486.410 loading class org/gradle/api/internal/artifacts/transform/DefaultTransformerInvocationFactory$TransformerExecution done
Event: 4486.413 loading class org/gradle/api/internal/artifacts/transform/DefaultTransformerInvocationFactory$TransformerExecution$2
Event: 4486.413 loading class org/gradle/api/internal/artifacts/transform/DefaultTransformerInvocationFactory$TransformerExecution$2 done
Event: 4486.424 Executing VM operation: ICBufferFull
Event: 4486.425 Executing VM operation: ICBufferFull done
Event: 4486.442 Executing VM operation: RevokeBias
Event: 4486.442 Executing VM operation: RevokeBias done
Event: 4486.448 Executing VM operation: G1CollectForAllocation


Dynamic libraries:
0x00007ff701c70000 - 0x00007ff701c7a000 	C:\Program Files\Android\Android Studio2\jre\bin\java.exe
0x00007ff9b61f0000 - 0x00007ff9b63e5000 	C:\WINDOWS\SYSTEM32\ntdll.dll
0x00007ff9b5e70000 - 0x00007ff9b5f2e000 	C:\WINDOWS\System32\KERNEL32.DLL
0x00007ff9b3bf0000 - 0x00007ff9b3eb8000 	C:\WINDOWS\System32\KERNELBASE.dll
0x00007ff9b0ec0000 - 0x00007ff9b0f50000 	C:\WINDOWS\SYSTEM32\apphelp.dll
0x00007ff9b3fa0000 - 0x00007ff9b40a0000 	C:\WINDOWS\System32\ucrtbase.dll
0x00007ff9962b0000 - 0x00007ff9962c9000 	C:\Program Files\Android\Android Studio2\jre\bin\jli.dll
0x00007ff9b4f90000 - 0x00007ff9b5131000 	C:\WINDOWS\System32\USER32.dll
0x00007ff9b3910000 - 0x00007ff9b3932000 	C:\WINDOWS\System32\win32u.dll
0x00007ff9b46c0000 - 0x00007ff9b46eb000 	C:\WINDOWS\System32\GDI32.dll
0x00007ff9b40d0000 - 0x00007ff9b41db000 	C:\WINDOWS\System32\gdi32full.dll
0x00007ff9b3940000 - 0x00007ff9b39dd000 	C:\WINDOWS\System32\msvcp_win.dll
0x00007ff996290000 - 0x00007ff9962a7000 	C:\Program Files\Android\Android Studio2\jre\bin\VCRUNTIME140.dll
0x00007ff9a2010000 - 0x00007ff9a22aa000 	C:\WINDOWS\WinSxS\amd64_microsoft.windows.common-controls_6595b64144ccf1df_6.0.19041.1110_none_60b5254171f9507e\COMCTL32.dll
0x00007ff9b4400000 - 0x00007ff9b449e000 	C:\WINDOWS\System32\msvcrt.dll
0x00007ff9b5f30000 - 0x00007ff9b5f60000 	C:\WINDOWS\System32\IMM32.DLL
0x00007ff98cc20000 - 0x00007ff98ccbd000 	C:\Program Files\Android\Android Studio2\jre\bin\msvcp140.dll
0x00007ff972ad0000 - 0x00007ff97359f000 	C:\Program Files\Android\Android Studio2\jre\bin\server\jvm.dll
0x00007ff9b5fc0000 - 0x00007ff9b606c000 	C:\WINDOWS\System32\ADVAPI32.dll
0x00007ff9b4620000 - 0x00007ff9b46bb000 	C:\WINDOWS\System32\sechost.dll
0x00007ff9b6070000 - 0x00007ff9b619a000 	C:\WINDOWS\System32\RPCRT4.dll
0x00007ff9b4240000 - 0x00007ff9b4248000 	C:\WINDOWS\System32\PSAPI.DLL
0x00007ff9a0f40000 - 0x00007ff9a0f49000 	C:\WINDOWS\SYSTEM32\WSOCK32.dll
0x00007ff9ad530000 - 0x00007ff9ad53a000 	C:\WINDOWS\SYSTEM32\VERSION.dll
0x00007ff996c20000 - 0x00007ff996c47000 	C:\WINDOWS\SYSTEM32\WINMM.dll
0x00007ff9b44a0000 - 0x00007ff9b450b000 	C:\WINDOWS\System32\WS2_32.dll
0x00007ff9b21e0000 - 0x00007ff9b21f2000 	C:\WINDOWS\SYSTEM32\kernel.appcore.dll
0x00007ff99d190000 - 0x00007ff99d1a1000 	C:\Program Files\Android\Android Studio2\jre\bin\verify.dll
0x00007ff9b1ea0000 - 0x00007ff9b2084000 	C:\WINDOWS\SYSTEM32\DBGHELP.DLL
0x00007ff99cd80000 - 0x00007ff99cdac000 	C:\WINDOWS\SYSTEM32\dbgcore.DLL
0x00007ff9b3ec0000 - 0x00007ff9b3f43000 	C:\WINDOWS\System32\bcryptPrimitives.dll
0x00007ff97a5d0000 - 0x00007ff97a5f9000 	C:\Program Files\Android\Android Studio2\jre\bin\java.dll
0x00007ff9a0ab0000 - 0x00007ff9a0abb000 	C:\Program Files\Android\Android Studio2\jre\bin\jimage.dll
0x00007ff985f40000 - 0x00007ff985f58000 	C:\Program Files\Android\Android Studio2\jre\bin\zip.dll
0x00007ff9b5730000 - 0x00007ff9b5e6f000 	C:\WINDOWS\System32\SHELL32.dll
0x00007ff9b1710000 - 0x00007ff9b1ea0000 	C:\WINDOWS\SYSTEM32\windows.storage.dll
0x00007ff9b46f0000 - 0x00007ff9b4a45000 	C:\WINDOWS\System32\combase.dll
0x00007ff9b3290000 - 0x00007ff9b32be000 	C:\WINDOWS\SYSTEM32\Wldp.dll
0x00007ff9b4570000 - 0x00007ff9b461d000 	C:\WINDOWS\System32\SHCORE.dll
0x00007ff9b52d0000 - 0x00007ff9b5325000 	C:\WINDOWS\System32\shlwapi.dll
0x00007ff9b3850000 - 0x00007ff9b386f000 	C:\WINDOWS\SYSTEM32\profapi.dll
0x00007ff983f10000 - 0x00007ff983f2a000 	C:\Program Files\Android\Android Studio2\jre\bin\net.dll
0x00007ff9a2b20000 - 0x00007ff9a2c2c000 	C:\WINDOWS\SYSTEM32\WINHTTP.dll
0x00007ff9b2ff0000 - 0x00007ff9b305a000 	C:\WINDOWS\system32\mswsock.dll
0x00007ff9830c0000 - 0x00007ff9830d4000 	C:\Program Files\Android\Android Studio2\jre\bin\nio.dll
0x00007ff9acd90000 - 0x00007ff9acdb7000 	D:\gradle-1.12\native\8bec1ad78214c89d9ad589b4d07fe93259594b29d510b10fafb7a158f7737e5d\windows-amd64\native-platform.dll
0x00007ff9a35d0000 - 0x00007ff9a370d000 	D:\gradle-1.12\native\53dbd7edfb1c66fb8903c78663c9afc45aea4f116125fa6feffd364cf09443e8\windows-amd64\native-platform-file-events.dll
0x00007ff9a0a40000 - 0x00007ff9a0a4a000 	C:\Program Files\Android\Android Studio2\jre\bin\management.dll
0x00007ff9a0550000 - 0x00007ff9a055c000 	C:\Program Files\Android\Android Studio2\jre\bin\management_ext.dll
0x00007ff9b31f0000 - 0x00007ff9b3208000 	C:\WINDOWS\SYSTEM32\CRYPTSP.dll
0x00007ff9b2970000 - 0x00007ff9b29a4000 	C:\WINDOWS\system32\rsaenh.dll
0x00007ff9b40a0000 - 0x00007ff9b40c7000 	C:\WINDOWS\System32\bcrypt.dll
0x00007ff9b3810000 - 0x00007ff9b383e000 	C:\WINDOWS\SYSTEM32\USERENV.dll
0x00007ff9b31e0000 - 0x00007ff9b31ec000 	C:\WINDOWS\SYSTEM32\CRYPTBASE.dll
0x00007ff9b2ce0000 - 0x00007ff9b2d1b000 	C:\WINDOWS\SYSTEM32\IPHLPAPI.DLL
0x00007ff9b61a0000 - 0x00007ff9b61a8000 	C:\WINDOWS\System32\NSI.dll
0x00007ff9abd30000 - 0x00007ff9abd47000 	C:\WINDOWS\SYSTEM32\dhcpcsvc6.DLL
0x00007ff9ac740000 - 0x00007ff9ac75d000 	C:\WINDOWS\SYSTEM32\dhcpcsvc.DLL
0x00007ff9b2d20000 - 0x00007ff9b2deb000 	C:\WINDOWS\SYSTEM32\DNSAPI.dll

dbghelp: loaded successfully - version: 4.0.5 - missing functions: none
symbol engine: initialized successfully - sym options: 0x614 - pdb path: .;C:\Program Files\Android\Android Studio2\jre\bin;C:\WINDOWS\SYSTEM32;C:\WINDOWS\WinSxS\amd64_microsoft.windows.common-controls_6595b64144ccf1df_6.0.19041.1110_none_60b5254171f9507e;C:\Program Files\Android\Android Studio2\jre\bin\server;D:\gradle-1.12\native\8bec1ad78214c89d9ad589b4d07fe93259594b29d510b10fafb7a158f7737e5d\windows-amd64;D:\gradle-1.12\native\53dbd7edfb1c66fb8903c78663c9afc45aea4f116125fa6feffd364cf09443e8\windows-amd64

VM Arguments:
jvm_args: --add-opens=java.base/java.util=ALL-UNNAMED --add-opens=java.base/java.lang=ALL-UNNAMED --add-opens=java.base/java.lang.invoke=ALL-UNNAMED --add-opens=java.base/java.util=ALL-UNNAMED --add-opens=java.prefs/java.util.prefs=ALL-UNNAMED --add-opens=java.prefs/java.util.prefs=ALL-UNNAMED --add-opens=java.base/java.nio.charset=ALL-UNNAMED --add-opens=java.base/java.net=ALL-UNNAMED --add-opens=java.base/java.util.concurrent.atomic=ALL-UNNAMED -Xmx2048m -Dfile.encoding=UTF-8 -Duser.country=US -Duser.language=en -Duser.variant 
java_command: org.gradle.launcher.daemon.bootstrap.GradleDaemon 7.0.2
java_class_path (initial): D:\gradle-1.12\wrapper\dists\gradle-7.0.2-bin\857tjihv64xamwrf0h14cai3r\gradle-7.0.2\lib\gradle-launcher-7.0.2.jar
Launcher Type: SUN_STANDARD

[Global flags]
     intx CICompilerCount                          = 4                                         {product} {ergonomic}
     uint ConcGCThreads                            = 2                                         {product} {ergonomic}
     uint G1ConcRefinementThreads                  = 8                                         {product} {ergonomic}
   size_t G1HeapRegionSize                         = 1048576                                   {product} {ergonomic}
    uintx GCDrainStackTargetSize                   = 64                                        {product} {ergonomic}
   size_t InitialHeapSize                          = 199229440                                 {product} {ergonomic}
   size_t MarkStackSize                            = 4194304                                   {product} {ergonomic}
   size_t MaxHeapSize                              = 2147483648                                {product} {command line}
   size_t MaxNewSize                               = 1287651328                                {product} {ergonomic}
   size_t MinHeapDeltaBytes                        = 1048576                                   {product} {ergonomic}
    uintx NonNMethodCodeHeapSize                   = 5836300                                {pd product} {ergonomic}
    uintx NonProfiledCodeHeapSize                  = 122910970                              {pd product} {ergonomic}
    uintx ProfiledCodeHeapSize                     = 122910970                              {pd product} {ergonomic}
    uintx ReservedCodeCacheSize                    = 251658240                              {pd product} {ergonomic}
     bool SegmentedCodeCache                       = true                                      {product} {ergonomic}
     bool UseCompressedClassPointers               = true                                 {lp64_product} {ergonomic}
     bool UseCompressedOops                        = true                                 {lp64_product} {ergonomic}
     bool UseG1GC                                  = true                                      {product} {ergonomic}
     bool UseLargePagesIndividualAllocation        = false                                  {pd product} {ergonomic}

Logging:
Log output configuration:
 #0: stdout all=warning uptime,level,tags
 #1: stderr all=off uptime,level,tags

Environment Variables:
PATH=C:\ProgramData\Oracle\Java\javapath;C:\Windows\system32;C:\Windows;C:\Windows\System32\Wbem;C:\Windows\System32\WindowsPowerShell\v1.0\;C:\Windows\System32\OpenSSH\;C:\Program Files (x86)\NVIDIA Corporation\PhysX\Common;C:\WINDOWS\system32;C:\WINDOWS;C:\WINDOWS\System32\Wbem;C:\WINDOWS\System32\WindowsPowerShell\v1.0\;C:\WINDOWS\System32\OpenSSH\;C:\Program Files\Git\cmd;C:\Users\Lenovo\AppData\Local\Microsoft\WindowsApps;C:\Users\Lenovo\AppData\Local\JpegminiPro3\;C:\Users\Lenovo\AppData\Local\GitHubDesktop\bin
USERNAME=Azadi
OS=Windows_NT
PROCESSOR_IDENTIFIER=Intel64 Family 6 Model 142 Stepping 12, GenuineIntel



---------------  S Y S T E M  ---------------

OS: Windows 10 , 64 bit Build 19041 (10.0.19041.1348)
OS uptime: 1 days 10:01 hours

CPU:total 8 (initial active 8) (4 cores per cpu, 2 threads per core) family 6 model 142 stepping 12 microcode 0xea, cmov, cx8, fxsr, mmx, sse, sse2, sse3, ssse3, sse4.1, sse4.2, popcnt, avx, avx2, aes, clmul, erms, 3dnowpref, lzcnt, ht, tsc, tscinvbit, bmi1, bmi2, adx, fma

Memory: 4k page, system-wide physical 12123M (838M free)
TotalPageFile size 27371M (AvailPageFile size 51M)
current process WorkingSet (physical memory assigned to process): 507M, peak: 509M
current process commit charge ("private bytes"): 616M, peak: 683M

vm_info: OpenJDK 64-Bit Server VM (11.0.10+0-b96-7249189) for windows-amd64 JRE (11.0.10+0-b96-7249189), built on Mar 31 2021 21:44:00 by "builder" with MS VC++ 14.0 (VS2015)

END.
